<?xml version="1.0" encoding="UTF-8"?>
<!-- Generated by org.testng.reporters.JUnitXMLReporter -->
<testsuite ignored="0" hostname="DESKTOP-D3PS3F0" failures="0" tests="6" name="Test" time="0.083" errors="0" timestamp="28 Apr 2019 19:23:38 GMT">
  <testcase classname="TestingWithMaven.AppiumTest" name="Method3" time="0.015"/>
  <testcase classname="TestingWithMaven.AppiumTest" name="Method4" time="0.005"/>
  <testcase classname="TestingWithMaven.SeleniumTest" name="Method5" time="0.007"/>
  <testcase classname="TestingWithMaven.SeleniumTest" name="Method6" time="0.001"/>
  <testcase classname="TestingWithMaven.APITest" name="Method1" time="0.004"/>
  <testcase classname="TestingWithMaven.APITest" name="Method2" time="0.002"/>
</testsuite> <!-- Test -->
