<?xml version="1.0" encoding="UTF-8"?>
<!-- Generated by org.testng.reporters.JUnitXMLReporter -->
<testsuite ignored="0" hostname="DESKTOP-D3PS3F0" failures="0" tests="6" name="Test" time="0.051" errors="0" timestamp="28 Apr 2019 19:49:08 GMT">
  <testcase classname="TestingWithMaven.AppiumTest" name="Method3" time="0.008"/>
  <testcase classname="TestingWithMaven.AppiumTest" name="Method4" time="0.0"/>
  <testcase classname="TestingWithMaven.SeleniumTest" name="Method5" time="0.001"/>
  <testcase classname="TestingWithMaven.SeleniumTest" name="Method6" time="0.001"/>
  <testcase classname="TestingWithMaven.APITest" name="Method1" time="0.001"/>
  <testcase classname="TestingWithMaven.APITest" name="Method2" time="0.0"/>
</testsuite> <!-- Test -->
