<?xml version="1.0" encoding="UTF-8"?>
<testng-results ignored="0" total="6" passed="6" failed="0" skipped="0">
  <reporter-output>
  </reporter-output>
  <suite started-at="2019-04-28T19:49:08Z" name="Suite" finished-at="2019-04-28T19:49:08Z" duration-ms="51">
    <groups>
    </groups>
    <test started-at="2019-04-28T19:49:08Z" name="Test" finished-at="2019-04-28T19:49:08Z" duration-ms="51">
      <class name="TestingWithMaven.APITest">
        <test-method signature="Method1()[pri:0, instance:TestingWithMaven.APITest@36ebc363]" started-at="2019-04-28T19:49:08Z" name="Method1" finished-at="2019-04-28T19:49:08Z" duration-ms="1" status="PASS">
          <reporter-output>
          </reporter-output>
        </test-method> <!-- Method1 -->
        <test-method signature="Method2()[pri:0, instance:TestingWithMaven.APITest@36ebc363]" started-at="2019-04-28T19:49:08Z" name="Method2" finished-at="2019-04-28T19:49:08Z" duration-ms="0" status="PASS">
          <reporter-output>
          </reporter-output>
        </test-method> <!-- Method2 -->
      </class> <!-- TestingWithMaven.APITest -->
      <class name="TestingWithMaven.AppiumTest">
        <test-method signature="Method3()[pri:0, instance:TestingWithMaven.AppiumTest@292b08d6]" started-at="2019-04-28T19:49:08Z" name="Method3" finished-at="2019-04-28T19:49:08Z" duration-ms="8" status="PASS">
          <reporter-output>
          </reporter-output>
        </test-method> <!-- Method3 -->
        <test-method signature="Method4()[pri:0, instance:TestingWithMaven.AppiumTest@292b08d6]" started-at="2019-04-28T19:49:08Z" name="Method4" finished-at="2019-04-28T19:49:08Z" duration-ms="0" status="PASS">
          <reporter-output>
          </reporter-output>
        </test-method> <!-- Method4 -->
      </class> <!-- TestingWithMaven.AppiumTest -->
      <class name="TestingWithMaven.SeleniumTest">
        <test-method signature="Method5()[pri:0, instance:TestingWithMaven.SeleniumTest@22555ebf]" started-at="2019-04-28T19:49:08Z" name="Method5" finished-at="2019-04-28T19:49:08Z" duration-ms="1" status="PASS">
          <reporter-output>
          </reporter-output>
        </test-method> <!-- Method5 -->
        <test-method signature="Method6()[pri:0, instance:TestingWithMaven.SeleniumTest@22555ebf]" started-at="2019-04-28T19:49:08Z" name="Method6" finished-at="2019-04-28T19:49:08Z" duration-ms="1" status="PASS">
          <reporter-output>
          </reporter-output>
        </test-method> <!-- Method6 -->
      </class> <!-- TestingWithMaven.SeleniumTest -->
    </test> <!-- Test -->
  </suite> <!-- Suite -->
</testng-results>
